2022-12-06 12:00:20,958 INFO o.a.j.u.JMeterUtils: Setting Locale to en_EN
2022-12-06 12:00:20,970 INFO o.a.j.JMeter: Loading user properties from: /opt/homebrew/Cellar/jmeter/5.5/libexec/bin/user.properties
2022-12-06 12:00:20,970 INFO o.a.j.JMeter: Loading system properties from: /opt/homebrew/Cellar/jmeter/5.5/libexec/bin/system.properties
2022-12-06 12:00:20,973 INFO o.a.j.JMeter: Copyright (c) 1998-2022 The Apache Software Foundation
2022-12-06 12:00:20,973 INFO o.a.j.JMeter: Version 5.5
2022-12-06 12:00:20,973 INFO o.a.j.JMeter: java.version=19.0.1
2022-12-06 12:00:20,973 INFO o.a.j.JMeter: java.vm.name=OpenJDK 64-Bit Server VM
2022-12-06 12:00:20,973 INFO o.a.j.JMeter: os.name=Mac OS X
2022-12-06 12:00:20,973 INFO o.a.j.JMeter: os.arch=aarch64
2022-12-06 12:00:20,973 INFO o.a.j.JMeter: os.version=12.5.1
2022-12-06 12:00:20,973 INFO o.a.j.JMeter: file.encoding=UTF-8
2022-12-06 12:00:20,973 INFO o.a.j.JMeter: java.awt.headless=null
2022-12-06 12:00:20,973 INFO o.a.j.JMeter: Max memory     =1073741824
2022-12-06 12:00:20,973 INFO o.a.j.JMeter: Available Processors =10
2022-12-06 12:00:20,979 INFO o.a.j.JMeter: Default Locale=English (EN)
2022-12-06 12:00:20,979 INFO o.a.j.JMeter: JMeter  Locale=English (EN)
2022-12-06 12:00:20,979 INFO o.a.j.JMeter: JMeterHome=/opt/homebrew/Cellar/jmeter/5.5/libexec
2022-12-06 12:00:20,979 INFO o.a.j.JMeter: user.dir  =/Users/sambhra/Projects/Robotics/Code/FTC-Controller-2022/TeamCode
2022-12-06 12:00:20,979 INFO o.a.j.JMeter: PWD       =/Users/sambhra/Projects/Robotics/Code/FTC-Controller-2022/TeamCode
2022-12-06 12:00:20,980 INFO o.a.j.JMeter: IP: 192.168.1.3 Name: VWGOAAHL329393 FullName: 192.168.1.3
